2018-02-27 22:13:06,636 DEBUG [Forwarding newSession on session null to remote] RequestAddCookies:123 - CookieSpec selected: default
2018-02-27 22:13:06,649 DEBUG [Forwarding newSession on session null to remote] RequestAuthCache:77 - Auth cache not set in the context
2018-02-27 22:13:06,651 DEBUG [Forwarding newSession on session null to remote] PoolingHttpClientConnectionManager:255 - Connection request: [route: {}->http://localhost:45791][total kept alive: 0; route allocated: 0 of 2000; total allocated: 0 of 2000]
2018-02-27 22:13:06,664 DEBUG [Forwarding newSession on session null to remote] PoolingHttpClientConnectionManager:288 - Connection leased: [id: 0][route: {}->http://localhost:45791][total kept alive: 0; route allocated: 1 of 2000; total allocated: 1 of 2000]
2018-02-27 22:13:06,666 DEBUG [Forwarding newSession on session null to remote] MainClientExec:235 - Opening connection {}->http://localhost:45791
2018-02-27 22:13:06,667 DEBUG [Forwarding newSession on session null to remote] DefaultHttpClientConnectionOperator:139 - Connecting to localhost/127.0.0.1:45791
2018-02-27 22:13:06,669 DEBUG [Forwarding newSession on session null to remote] DefaultHttpClientConnectionOperator:146 - Connection established 127.0.0.1:1686<->127.0.0.1:45791
2018-02-27 22:13:06,669 DEBUG [Forwarding newSession on session null to remote] DefaultManagedHttpClientConnection:88 - http-outgoing-0: set socket timeout to 10800000
2018-02-27 22:13:06,670 DEBUG [Forwarding newSession on session null to remote] MainClientExec:256 - Executing request POST /session HTTP/1.1
2018-02-27 22:13:06,670 DEBUG [Forwarding newSession on session null to remote] MainClientExec:261 - Target auth state: UNCHALLENGED
2018-02-27 22:13:06,671 DEBUG [Forwarding newSession on session null to remote] MainClientExec:267 - Proxy auth state: UNCHALLENGED
2018-02-27 22:13:06,672 DEBUG [Forwarding newSession on session null to remote] headers:133 - http-outgoing-0 >> POST /session HTTP/1.1
2018-02-27 22:13:06,672 DEBUG [Forwarding newSession on session null to remote] headers:136 - http-outgoing-0 >> Content-Type: application/json; charset=utf-8
2018-02-27 22:13:06,673 DEBUG [Forwarding newSession on session null to remote] headers:136 - http-outgoing-0 >> Content-Length: 456
2018-02-27 22:13:06,673 DEBUG [Forwarding newSession on session null to remote] headers:136 - http-outgoing-0 >> Host: localhost:45791
2018-02-27 22:13:06,673 DEBUG [Forwarding newSession on session null to remote] headers:136 - http-outgoing-0 >> Connection: Keep-Alive
2018-02-27 22:13:06,675 DEBUG [Forwarding newSession on session null to remote] headers:136 - http-outgoing-0 >> User-Agent: Apache-HttpClient/4.5.3 (Java/1.8.0_121)
2018-02-27 22:13:06,675 DEBUG [Forwarding newSession on session null to remote] headers:136 - http-outgoing-0 >> Accept-Encoding: gzip,deflate
2018-02-27 22:13:06,676 DEBUG [Forwarding newSession on session null to remote] wire:73 - http-outgoing-0 >> "POST /session HTTP/1.1[\r][\n]"
2018-02-27 22:13:06,676 DEBUG [Forwarding newSession on session null to remote] wire:73 - http-outgoing-0 >> "Content-Type: application/json; charset=utf-8[\r][\n]"
2018-02-27 22:13:06,677 DEBUG [Forwarding newSession on session null to remote] wire:73 - http-outgoing-0 >> "Content-Length: 456[\r][\n]"
2018-02-27 22:13:06,677 DEBUG [Forwarding newSession on session null to remote] wire:73 - http-outgoing-0 >> "Host: localhost:45791[\r][\n]"
2018-02-27 22:13:06,677 DEBUG [Forwarding newSession on session null to remote] wire:73 - http-outgoing-0 >> "Connection: Keep-Alive[\r][\n]"
2018-02-27 22:13:06,678 DEBUG [Forwarding newSession on session null to remote] wire:73 - http-outgoing-0 >> "User-Agent: Apache-HttpClient/4.5.3 (Java/1.8.0_121)[\r][\n]"
2018-02-27 22:13:06,678 DEBUG [Forwarding newSession on session null to remote] wire:73 - http-outgoing-0 >> "Accept-Encoding: gzip,deflate[\r][\n]"
2018-02-27 22:13:06,679 DEBUG [Forwarding newSession on session null to remote] wire:73 - http-outgoing-0 >> "[\r][\n]"
2018-02-27 22:13:06,679 DEBUG [Forwarding newSession on session null to remote] wire:73 - http-outgoing-0 >> "{[\n]"
2018-02-27 22:13:06,679 DEBUG [Forwarding newSession on session null to remote] wire:73 - http-outgoing-0 >> "  "desiredCapabilities": {[\n]"
2018-02-27 22:13:06,680 DEBUG [Forwarding newSession on session null to remote] wire:73 - http-outgoing-0 >> "    "moz:firefoxOptions": {[\n]"
2018-02-27 22:13:06,680 DEBUG [Forwarding newSession on session null to remote] wire:73 - http-outgoing-0 >> "      "prefs": {},[\n]"
2018-02-27 22:13:06,680 DEBUG [Forwarding newSession on session null to remote] wire:73 - http-outgoing-0 >> "      "args": [][\n]"
2018-02-27 22:13:06,681 DEBUG [Forwarding newSession on session null to remote] wire:73 - http-outgoing-0 >> "    }[\n]"
2018-02-27 22:13:06,681 DEBUG [Forwarding newSession on session null to remote] wire:73 - http-outgoing-0 >> "  },[\n]"
2018-02-27 22:13:06,681 DEBUG [Forwarding newSession on session null to remote] wire:73 - http-outgoing-0 >> "  "requiredCapabilities": {},[\n]"
2018-02-27 22:13:06,682 DEBUG [Forwarding newSession on session null to remote] wire:73 - http-outgoing-0 >> "  "capabilities": {[\n]"
2018-02-27 22:13:06,682 DEBUG [Forwarding newSession on session null to remote] wire:73 - http-outgoing-0 >> "    "desiredCapabilities": {[\n]"
2018-02-27 22:13:06,682 DEBUG [Forwarding newSession on session null to remote] wire:73 - http-outgoing-0 >> "      "moz:firefoxOptions": {[\n]"
2018-02-27 22:13:06,683 DEBUG [Forwarding newSession on session null to remote] wire:73 - http-outgoing-0 >> "        "prefs": {},[\n]"
2018-02-27 22:13:06,683 DEBUG [Forwarding newSession on session null to remote] wire:73 - http-outgoing-0 >> "        "args": [][\n]"
2018-02-27 22:13:06,683 DEBUG [Forwarding newSession on session null to remote] wire:73 - http-outgoing-0 >> "      }[\n]"
2018-02-27 22:13:06,684 DEBUG [Forwarding newSession on session null to remote] wire:73 - http-outgoing-0 >> "    },[\n]"
2018-02-27 22:13:06,684 DEBUG [Forwarding newSession on session null to remote] wire:73 - http-outgoing-0 >> "    "requiredCapabilities": {},[\n]"
2018-02-27 22:13:06,684 DEBUG [Forwarding newSession on session null to remote] wire:73 - http-outgoing-0 >> "    "alwaysMatch": {},[\n]"
2018-02-27 22:13:06,684 DEBUG [Forwarding newSession on session null to remote] wire:73 - http-outgoing-0 >> "    "firstMatch": [[\n]"
2018-02-27 22:13:06,685 DEBUG [Forwarding newSession on session null to remote] wire:73 - http-outgoing-0 >> "      {[\n]"
2018-02-27 22:13:06,685 DEBUG [Forwarding newSession on session null to remote] wire:73 - http-outgoing-0 >> "        "moz:firefoxOptions": {[\n]"
2018-02-27 22:13:06,685 DEBUG [Forwarding newSession on session null to remote] wire:73 - http-outgoing-0 >> "          "prefs": {},[\n]"
2018-02-27 22:13:06,685 DEBUG [Forwarding newSession on session null to remote] wire:73 - http-outgoing-0 >> "          "args": [][\n]"
2018-02-27 22:13:06,685 DEBUG [Forwarding newSession on session null to remote] wire:73 - http-outgoing-0 >> "        }[\n]"
2018-02-27 22:13:06,686 DEBUG [Forwarding newSession on session null to remote] wire:73 - http-outgoing-0 >> "      }[\n]"
2018-02-27 22:13:06,686 DEBUG [Forwarding newSession on session null to remote] wire:73 - http-outgoing-0 >> "    ][\n]"
2018-02-27 22:13:06,686 DEBUG [Forwarding newSession on session null to remote] wire:73 - http-outgoing-0 >> "  }[\n]"
2018-02-27 22:13:06,687 DEBUG [Forwarding newSession on session null to remote] wire:87 - http-outgoing-0 >> "}"
2018-02-27 22:14:05,578 DEBUG [Forwarding newSession on session null to remote] wire:73 - http-outgoing-0 << "HTTP/1.1 500 Internal Server Error[\r][\n]"
2018-02-27 22:14:05,578 DEBUG [Forwarding newSession on session null to remote] wire:73 - http-outgoing-0 << "Connection: close[\r][\n]"
2018-02-27 22:14:05,578 DEBUG [Forwarding newSession on session null to remote] wire:73 - http-outgoing-0 << "Content-Type: application/json; charset=utf-8[\r][\n]"
2018-02-27 22:14:05,579 DEBUG [Forwarding newSession on session null to remote] wire:73 - http-outgoing-0 << "Cache-Control: no-cache[\r][\n]"
2018-02-27 22:14:05,582 DEBUG [Forwarding newSession on session null to remote] wire:73 - http-outgoing-0 << "Content-Length: 550[\r][\n]"
2018-02-27 22:14:05,582 DEBUG [Forwarding newSession on session null to remote] wire:73 - http-outgoing-0 << "Date: Tue, 27 Feb 2018 16:44:05 GMT[\r][\n]"
2018-02-27 22:14:05,583 DEBUG [Forwarding newSession on session null to remote] wire:73 - http-outgoing-0 << "[\r][\n]"
2018-02-27 22:14:05,583 DEBUG [Forwarding newSession on session null to remote] wire:87 - http-outgoing-0 << "{"value":{"error":"unknown error","message":"Process unexpectedly closed with status: 0","stacktrace":"stack backtrace:\n   0:           0x4821c4 - <no info>\n   1:           0x482933 - <no info>\n   2:           0x445159 - <no info>\n   3:           0x44c838 - <no info>\n   4:           0x43026a - <no info>\n   5:           0x40ba4e - <no info>\n   6:           0x4119b9 - <no info>\n   7:           0x6d2c89 - <no info>\n   8:           0x426006 - <no info>\n   9:           0x6cd490 - <no info>\n  10:         0x76de59cd - BaseThreadInitThunk"}}"
2018-02-27 22:14:05,586 DEBUG [Forwarding newSession on session null to remote] headers:122 - http-outgoing-0 << HTTP/1.1 500 Internal Server Error
2018-02-27 22:14:05,586 DEBUG [Forwarding newSession on session null to remote] headers:125 - http-outgoing-0 << Connection: close
2018-02-27 22:14:05,587 DEBUG [Forwarding newSession on session null to remote] headers:125 - http-outgoing-0 << Content-Type: application/json; charset=utf-8
2018-02-27 22:14:05,588 DEBUG [Forwarding newSession on session null to remote] headers:125 - http-outgoing-0 << Cache-Control: no-cache
2018-02-27 22:14:05,588 DEBUG [Forwarding newSession on session null to remote] headers:125 - http-outgoing-0 << Content-Length: 550
2018-02-27 22:14:05,588 DEBUG [Forwarding newSession on session null to remote] headers:125 - http-outgoing-0 << Date: Tue, 27 Feb 2018 16:44:05 GMT
2018-02-27 22:14:05,597 DEBUG [Forwarding newSession on session null to remote] DefaultManagedHttpClientConnection:79 - http-outgoing-0: Close connection
2018-02-27 22:14:05,598 DEBUG [Forwarding newSession on session null to remote] MainClientExec:104 - Connection discarded
2018-02-27 22:14:05,598 DEBUG [Forwarding newSession on session null to remote] PoolingHttpClientConnectionManager:326 - Connection released: [id: 0][route: {}->http://localhost:45791][total kept alive: 0; route allocated: 0 of 2000; total allocated: 0 of 2000]
